{
  "RSpec": {
    "coverage": {
      "/Users/johnmaddux/Dropbox/Code/crafty/app/controllers/application_controller.rb": [
        1,
        1,
        null,
        null
      ],
      "/Users/johnmaddux/Dropbox/Code/crafty/app/helpers/application_helper.rb": [
        1,
        1,
        0,
        null,
        null
      ],
      "/Users/johnmaddux/Dropbox/Code/crafty/app/helpers/items_helper.rb": [
        1,
        null
      ],
      "/Users/johnmaddux/Dropbox/Code/crafty/app/helpers/poll_helper.rb": [
        1,
        null
      ],
      "/Users/johnmaddux/Dropbox/Code/crafty/app/controllers/items_controller.rb": [
        1,
        1,
        0,
        0,
        null,
        null,
        1,
        0,
        0,
        null,
        null
      ],
      "/Users/johnmaddux/Dropbox/Code/crafty/app/models/item.rb": [
        1,
        1,
        1,
        1,
        null,
        1,
        12,
        12,
        12,
        12,
        12,
        12,
        12,
        12,
        null,
        12,
        null,
        null,
        1,
        4,
        4,
        3,
        3,
        3,
        3,
        3,
        3,
        null,
        null,
        null,
        null
      ],
      "/Users/johnmaddux/Dropbox/Code/crafty/app/controllers/polls_controller.rb": [
        1,
        1,
        null,
        null,
        1,
        0,
        null,
        null,
        1,
        0,
        0,
        0,
        0,
        0,
        null,
        0,
        0,
        null,
        null,
        0,
        null,
        null,
        null,
        1,
        0,
        null,
        null,
        1,
        0,
        0,
        0,
        0,
        0,
        null,
        null,
        0,
        0,
        null,
        0,
        null,
        null,
        null,
        1,
        0,
        null,
        null,
        1,
        0,
        0,
        null,
        null,
        1,
        1,
        0,
        0,
        0,
        null,
        null
      ],
      "/Users/johnmaddux/Dropbox/Code/crafty/app/models/poll.rb": [
        1,
        1,
        1,
        null,
        1,
        1,
        1,
        1,
        1,
        12,
        12,
        12,
        null,
        null,
        null
      ],
      "/Users/johnmaddux/Dropbox/Code/crafty/app/models/item_image_url.rb": [
        1,
        1,
        1,
        null,
        1,
        12,
        12,
        12,
        48,
        48,
        48,
        48,
        48,
        48,
        48,
        48,
        48,
        null,
        null,
        null
      ]
    },
    "timestamp": 1370464205
  }
}
